<?xml version="1.0" encoding="UTF-8"?>
<testsuite xmlns:xsi="http://www.w3.org/2001/XMLSchema-instance" xsi:noNamespaceSchemaLocation="https://maven.apache.org/surefire/maven-surefire-plugin/xsd/surefire-test-report.xsd" name="pers.enoch.common.CodeTest" time="0.003" tests="0" errors="0" skipped="0" failures="0">
  <properties>
    <property name="sun.desktop" value="windows"/>
    <property name="awt.toolkit" value="sun.awt.windows.WToolkit"/>
    <property name="file.encoding.pkg" value="sun.io"/>
    <property name="java.specification.version" value="1.8"/>
    <property name="sun.cpu.isalist" value="amd64"/>
    <property name="sun.jnu.encoding" value="GBK"/>
    <property name="java.class.path" value="E:\idea code\easy4IM\im-common\target\test-classes;E:\idea code\easy4IM\im-common\target\classes;C:\Users\zyvictor\.m2\repository\org\springframework\boot\spring-boot-configuration-processor\2.1.14.RELEASE\spring-boot-configuration-processor-2.1.14.RELEASE.jar;C:\Users\zyvictor\.m2\repository\com\google\protobuf\protobuf-java\3.8.0\protobuf-java-3.8.0.jar;C:\Users\zyvictor\.m2\repository\org\projectlombok\lombok\1.18.16\lombok-1.18.16.jar;C:\Users\zyvictor\.m2\repository\org\springframework\boot\spring-boot-starter-data-redis\2.1.14.RELEASE\spring-boot-starter-data-redis-2.1.14.RELEASE.jar;C:\Users\zyvictor\.m2\repository\org\springframework\boot\spring-boot-starter\2.1.14.RELEASE\spring-boot-starter-2.1.14.RELEASE.jar;C:\Users\zyvictor\.m2\repository\org\springframework\boot\spring-boot\2.1.14.RELEASE\spring-boot-2.1.14.RELEASE.jar;C:\Users\zyvictor\.m2\repository\org\springframework\boot\spring-boot-starter-logging\2.1.14.RELEASE\spring-boot-starter-logging-2.1.14.RELEASE.jar;C:\Users\zyvictor\.m2\repository\ch\qos\logback\logback-classic\1.2.3\logback-classic-1.2.3.jar;C:\Users\zyvictor\.m2\repository\ch\qos\logback\logback-core\1.2.3\logback-core-1.2.3.jar;C:\Users\zyvictor\.m2\repository\org\apache\logging\log4j\log4j-to-slf4j\2.11.2\log4j-to-slf4j-2.11.2.jar;C:\Users\zyvictor\.m2\repository\org\apache\logging\log4j\log4j-api\2.11.2\log4j-api-2.11.2.jar;C:\Users\zyvictor\.m2\repository\org\slf4j\jul-to-slf4j\1.7.7\jul-to-slf4j-1.7.7.jar;C:\Users\zyvictor\.m2\repository\javax\annotation\javax.annotation-api\1.3.2\javax.annotation-api-1.3.2.jar;C:\Users\zyvictor\.m2\repository\org\springframework\spring-core\5.1.15.RELEASE\spring-core-5.1.15.RELEASE.jar;C:\Users\zyvictor\.m2\repository\org\springframework\spring-jcl\5.1.15.RELEASE\spring-jcl-5.1.15.RELEASE.jar;C:\Users\zyvictor\.m2\repository\org\yaml\snakeyaml\1.23\snakeyaml-1.23.jar;C:\Users\zyvictor\.m2\repository\org\springframework\data\spring-data-redis\2.1.17.RELEASE\spring-data-redis-2.1.17.RELEASE.jar;C:\Users\zyvictor\.m2\repository\org\springframework\data\spring-data-keyvalue\2.1.17.RELEASE\spring-data-keyvalue-2.1.17.RELEASE.jar;C:\Users\zyvictor\.m2\repository\org\springframework\data\spring-data-commons\2.1.17.RELEASE\spring-data-commons-2.1.17.RELEASE.jar;C:\Users\zyvictor\.m2\repository\org\springframework\spring-tx\5.1.15.RELEASE\spring-tx-5.1.15.RELEASE.jar;C:\Users\zyvictor\.m2\repository\org\springframework\spring-oxm\5.1.15.RELEASE\spring-oxm-5.1.15.RELEASE.jar;C:\Users\zyvictor\.m2\repository\org\springframework\spring-aop\5.1.15.RELEASE\spring-aop-5.1.15.RELEASE.jar;C:\Users\zyvictor\.m2\repository\io\lettuce\lettuce-core\5.1.8.RELEASE\lettuce-core-5.1.8.RELEASE.jar;C:\Users\zyvictor\.m2\repository\io\netty\netty-common\4.1.42.Final\netty-common-4.1.42.Final.jar;C:\Users\zyvictor\.m2\repository\io\netty\netty-handler\4.1.42.Final\netty-handler-4.1.42.Final.jar;C:\Users\zyvictor\.m2\repository\io\netty\netty-buffer\4.1.42.Final\netty-buffer-4.1.42.Final.jar;C:\Users\zyvictor\.m2\repository\io\netty\netty-codec\4.1.42.Final\netty-codec-4.1.42.Final.jar;C:\Users\zyvictor\.m2\repository\io\netty\netty-transport\4.1.42.Final\netty-transport-4.1.42.Final.jar;C:\Users\zyvictor\.m2\repository\io\netty\netty-resolver\4.1.42.Final\netty-resolver-4.1.42.Final.jar;C:\Users\zyvictor\.m2\repository\io\projectreactor\reactor-core\3.2.17.RELEASE\reactor-core-3.2.17.RELEASE.jar;C:\Users\zyvictor\.m2\repository\org\reactivestreams\reactive-streams\1.0.3\reactive-streams-1.0.3.jar;C:\Users\zyvictor\.m2\repository\org\springframework\boot\spring-boot-starter-mail\2.1.14.RELEASE\spring-boot-starter-mail-2.1.14.RELEASE.jar;C:\Users\zyvictor\.m2\repository\org\springframework\spring-context-support\5.1.15.RELEASE\spring-context-support-5.1.15.RELEASE.jar;C:\Users\zyvictor\.m2\repository\org\springframework\spring-beans\5.1.15.RELEASE\spring-beans-5.1.15.RELEASE.jar;C:\Users\zyvictor\.m2\repository\org\springframework\spring-context\5.1.15.RELEASE\spring-context-5.1.15.RELEASE.jar;C:\Users\zyvictor\.m2\repository\org\springframework\spring-expression\5.1.15.RELEASE\spring-expression-5.1.15.RELEASE.jar;C:\Users\zyvictor\.m2\repository\com\sun\mail\javax.mail\1.6.2\javax.mail-1.6.2.jar;C:\Users\zyvictor\.m2\repository\javax\activation\activation\1.1\activation-1.1.jar;C:\Users\zyvictor\.m2\repository\com\alibaba\fastjson\1.2.31\fastjson-1.2.31.jar;C:\Users\zyvictor\.m2\repository\com\alibaba\druid-spring-boot-starter\1.1.18\druid-spring-boot-starter-1.1.18.jar;C:\Users\zyvictor\.m2\repository\com\alibaba\druid\1.1.18\druid-1.1.18.jar;C:\Users\zyvictor\.m2\repository\org\slf4j\slf4j-api\1.7.7\slf4j-api-1.7.7.jar;C:\Users\zyvictor\.m2\repository\org\springframework\boot\spring-boot-autoconfigure\2.1.14.RELEASE\spring-boot-autoconfigure-2.1.14.RELEASE.jar;C:\Users\zyvictor\.m2\repository\mysql\mysql-connector-java\8.0.15\mysql-connector-java-8.0.15.jar;C:\Users\zyvictor\.m2\repository\com\baomidou\mybatis-plus\3.1.0\mybatis-plus-3.1.0.jar;C:\Users\zyvictor\.m2\repository\com\baomidou\mybatis-plus-extension\3.1.0\mybatis-plus-extension-3.1.0.jar;C:\Users\zyvictor\.m2\repository\com\baomidou\mybatis-plus-core\3.1.0\mybatis-plus-core-3.1.0.jar;C:\Users\zyvictor\.m2\repository\com\baomidou\mybatis-plus-annotation\3.1.0\mybatis-plus-annotation-3.1.0.jar;C:\Users\zyvictor\.m2\repository\org\mybatis\mybatis\3.5.0\mybatis-3.5.0.jar;C:\Users\zyvictor\.m2\repository\com\github\jsqlparser\jsqlparser\1.4\jsqlparser-1.4.jar;C:\Users\zyvictor\.m2\repository\org\mybatis\mybatis-spring\2.0.0\mybatis-spring-2.0.0.jar;C:\Users\zyvictor\.m2\repository\com\baomidou\mybatis-plus-boot-starter\3.1.0\mybatis-plus-boot-starter-3.1.0.jar;C:\Users\zyvictor\.m2\repository\org\springframework\boot\spring-boot-starter-jdbc\2.1.14.RELEASE\spring-boot-starter-jdbc-2.1.14.RELEASE.jar;C:\Users\zyvictor\.m2\repository\com\zaxxer\HikariCP\3.2.0\HikariCP-3.2.0.jar;C:\Users\zyvictor\.m2\repository\org\springframework\spring-jdbc\5.1.15.RELEASE\spring-jdbc-5.1.15.RELEASE.jar;C:\Users\zyvictor\.m2\repository\com\baomidou\mybatis-plus-generator\3.1.0\mybatis-plus-generator-3.1.0.jar;C:\Users\zyvictor\.m2\repository\org\apache\commons\commons-lang3\3.8.1\commons-lang3-3.8.1.jar;C:\Users\zyvictor\.m2\repository\io\jsonwebtoken\jjwt\0.9.1\jjwt-0.9.1.jar;C:\Users\zyvictor\.m2\repository\com\fasterxml\jackson\core\jackson-databind\2.9.10.4\jackson-databind-2.9.10.4.jar;C:\Users\zyvictor\.m2\repository\com\fasterxml\jackson\core\jackson-annotations\2.9.10\jackson-annotations-2.9.10.jar;C:\Users\zyvictor\.m2\repository\com\fasterxml\jackson\core\jackson-core\2.9.10\jackson-core-2.9.10.jar;C:\Users\zyvictor\.m2\repository\org\slf4j\slf4j-log4j12\1.7.7\slf4j-log4j12-1.7.7.jar;C:\Users\zyvictor\.m2\repository\log4j\log4j\1.2.17\log4j-1.2.17.jar;C:\Users\zyvictor\.m2\repository\cn\hutool\hutool-all\4.6.5\hutool-all-4.6.5.jar;C:\Users\zyvictor\.m2\repository\com\tencentcloudapi\tencentcloud-sdk-java\3.1.26\tencentcloud-sdk-java-3.1.26.jar;C:\Users\zyvictor\.m2\repository\com\squareup\okhttp\okhttp\2.5.0\okhttp-2.5.0.jar;C:\Users\zyvictor\.m2\repository\com\squareup\okio\okio\1.6.0\okio-1.6.0.jar;C:\Users\zyvictor\.m2\repository\com\google\code\gson\gson\2.8.6\gson-2.8.6.jar;C:\Users\zyvictor\.m2\repository\javax\xml\bind\jaxb-api\2.3.1\jaxb-api-2.3.1.jar;C:\Users\zyvictor\.m2\repository\javax\activation\javax.activation-api\1.2.0\javax.activation-api-1.2.0.jar;C:\Users\zyvictor\.m2\repository\com\googlecode\protobuf-java-format\protobuf-java-format\1.2\protobuf-java-format-1.2.jar;C:\Users\zyvictor\.m2\repository\org\springframework\boot\spring-boot-starter-validation\2.1.14.RELEASE\spring-boot-starter-validation-2.1.14.RELEASE.jar;C:\Users\zyvictor\.m2\repository\org\apache\tomcat\embed\tomcat-embed-el\9.0.34\tomcat-embed-el-9.0.34.jar;C:\Users\zyvictor\.m2\repository\org\hibernate\validator\hibernate-validator\6.0.19.Final\hibernate-validator-6.0.19.Final.jar;C:\Users\zyvictor\.m2\repository\javax\validation\validation-api\2.0.1.Final\validation-api-2.0.1.Final.jar;C:\Users\zyvictor\.m2\repository\org\jboss\logging\jboss-logging\3.3.3.Final\jboss-logging-3.3.3.Final.jar;C:\Users\zyvictor\.m2\repository\com\fasterxml\classmate\1.4.0\classmate-1.4.0.jar;"/>
    <property name="java.vm.vendor" value="Oracle Corporation"/>
    <property name="sun.arch.data.model" value="64"/>
    <property name="user.variant" value=""/>
    <property name="java.vendor.url" value="http://java.oracle.com/"/>
    <property name="user.timezone" value="Asia/Shanghai"/>
    <property name="java.vm.specification.version" value="1.8"/>
    <property name="os.name" value="Windows 10"/>
    <property name="user.country" value="CN"/>
    <property name="sun.java.launcher" value="SUN_STANDARD"/>
    <property name="sun.boot.library.path" value="C:\Program Files\Java\jdk1.8.0_201\jre\bin"/>
    <property name="sun.java.command" value="C:\Users\zyvictor\AppData\Local\Temp\surefire2327749894232010356\surefirebooter8401800216329556919.jar C:\Users\zyvictor\AppData\Local\Temp\surefire2327749894232010356 2021-01-06T21-41-43_391-jvmRun1 surefire7444930097035057496tmp surefire_03885524431086598089tmp"/>
    <property name="surefire.test.class.path" value="E:\idea code\easy4IM\im-common\target\test-classes;E:\idea code\easy4IM\im-common\target\classes;C:\Users\zyvictor\.m2\repository\org\springframework\boot\spring-boot-configuration-processor\2.1.14.RELEASE\spring-boot-configuration-processor-2.1.14.RELEASE.jar;C:\Users\zyvictor\.m2\repository\com\google\protobuf\protobuf-java\3.8.0\protobuf-java-3.8.0.jar;C:\Users\zyvictor\.m2\repository\org\projectlombok\lombok\1.18.16\lombok-1.18.16.jar;C:\Users\zyvictor\.m2\repository\org\springframework\boot\spring-boot-starter-data-redis\2.1.14.RELEASE\spring-boot-starter-data-redis-2.1.14.RELEASE.jar;C:\Users\zyvictor\.m2\repository\org\springframework\boot\spring-boot-starter\2.1.14.RELEASE\spring-boot-starter-2.1.14.RELEASE.jar;C:\Users\zyvictor\.m2\repository\org\springframework\boot\spring-boot\2.1.14.RELEASE\spring-boot-2.1.14.RELEASE.jar;C:\Users\zyvictor\.m2\repository\org\springframework\boot\spring-boot-starter-logging\2.1.14.RELEASE\spring-boot-starter-logging-2.1.14.RELEASE.jar;C:\Users\zyvictor\.m2\repository\ch\qos\logback\logback-classic\1.2.3\logback-classic-1.2.3.jar;C:\Users\zyvictor\.m2\repository\ch\qos\logback\logback-core\1.2.3\logback-core-1.2.3.jar;C:\Users\zyvictor\.m2\repository\org\apache\logging\log4j\log4j-to-slf4j\2.11.2\log4j-to-slf4j-2.11.2.jar;C:\Users\zyvictor\.m2\repository\org\apache\logging\log4j\log4j-api\2.11.2\log4j-api-2.11.2.jar;C:\Users\zyvictor\.m2\repository\org\slf4j\jul-to-slf4j\1.7.7\jul-to-slf4j-1.7.7.jar;C:\Users\zyvictor\.m2\repository\javax\annotation\javax.annotation-api\1.3.2\javax.annotation-api-1.3.2.jar;C:\Users\zyvictor\.m2\repository\org\springframework\spring-core\5.1.15.RELEASE\spring-core-5.1.15.RELEASE.jar;C:\Users\zyvictor\.m2\repository\org\springframework\spring-jcl\5.1.15.RELEASE\spring-jcl-5.1.15.RELEASE.jar;C:\Users\zyvictor\.m2\repository\org\yaml\snakeyaml\1.23\snakeyaml-1.23.jar;C:\Users\zyvictor\.m2\repository\org\springframework\data\spring-data-redis\2.1.17.RELEASE\spring-data-redis-2.1.17.RELEASE.jar;C:\Users\zyvictor\.m2\repository\org\springframework\data\spring-data-keyvalue\2.1.17.RELEASE\spring-data-keyvalue-2.1.17.RELEASE.jar;C:\Users\zyvictor\.m2\repository\org\springframework\data\spring-data-commons\2.1.17.RELEASE\spring-data-commons-2.1.17.RELEASE.jar;C:\Users\zyvictor\.m2\repository\org\springframework\spring-tx\5.1.15.RELEASE\spring-tx-5.1.15.RELEASE.jar;C:\Users\zyvictor\.m2\repository\org\springframework\spring-oxm\5.1.15.RELEASE\spring-oxm-5.1.15.RELEASE.jar;C:\Users\zyvictor\.m2\repository\org\springframework\spring-aop\5.1.15.RELEASE\spring-aop-5.1.15.RELEASE.jar;C:\Users\zyvictor\.m2\repository\io\lettuce\lettuce-core\5.1.8.RELEASE\lettuce-core-5.1.8.RELEASE.jar;C:\Users\zyvictor\.m2\repository\io\netty\netty-common\4.1.42.Final\netty-common-4.1.42.Final.jar;C:\Users\zyvictor\.m2\repository\io\netty\netty-handler\4.1.42.Final\netty-handler-4.1.42.Final.jar;C:\Users\zyvictor\.m2\repository\io\netty\netty-buffer\4.1.42.Final\netty-buffer-4.1.42.Final.jar;C:\Users\zyvictor\.m2\repository\io\netty\netty-codec\4.1.42.Final\netty-codec-4.1.42.Final.jar;C:\Users\zyvictor\.m2\repository\io\netty\netty-transport\4.1.42.Final\netty-transport-4.1.42.Final.jar;C:\Users\zyvictor\.m2\repository\io\netty\netty-resolver\4.1.42.Final\netty-resolver-4.1.42.Final.jar;C:\Users\zyvictor\.m2\repository\io\projectreactor\reactor-core\3.2.17.RELEASE\reactor-core-3.2.17.RELEASE.jar;C:\Users\zyvictor\.m2\repository\org\reactivestreams\reactive-streams\1.0.3\reactive-streams-1.0.3.jar;C:\Users\zyvictor\.m2\repository\org\springframework\boot\spring-boot-starter-mail\2.1.14.RELEASE\spring-boot-starter-mail-2.1.14.RELEASE.jar;C:\Users\zyvictor\.m2\repository\org\springframework\spring-context-support\5.1.15.RELEASE\spring-context-support-5.1.15.RELEASE.jar;C:\Users\zyvictor\.m2\repository\org\springframework\spring-beans\5.1.15.RELEASE\spring-beans-5.1.15.RELEASE.jar;C:\Users\zyvictor\.m2\repository\org\springframework\spring-context\5.1.15.RELEASE\spring-context-5.1.15.RELEASE.jar;C:\Users\zyvictor\.m2\repository\org\springframework\spring-expression\5.1.15.RELEASE\spring-expression-5.1.15.RELEASE.jar;C:\Users\zyvictor\.m2\repository\com\sun\mail\javax.mail\1.6.2\javax.mail-1.6.2.jar;C:\Users\zyvictor\.m2\repository\javax\activation\activation\1.1\activation-1.1.jar;C:\Users\zyvictor\.m2\repository\com\alibaba\fastjson\1.2.31\fastjson-1.2.31.jar;C:\Users\zyvictor\.m2\repository\com\alibaba\druid-spring-boot-starter\1.1.18\druid-spring-boot-starter-1.1.18.jar;C:\Users\zyvictor\.m2\repository\com\alibaba\druid\1.1.18\druid-1.1.18.jar;C:\Users\zyvictor\.m2\repository\org\slf4j\slf4j-api\1.7.7\slf4j-api-1.7.7.jar;C:\Users\zyvictor\.m2\repository\org\springframework\boot\spring-boot-autoconfigure\2.1.14.RELEASE\spring-boot-autoconfigure-2.1.14.RELEASE.jar;C:\Users\zyvictor\.m2\repository\mysql\mysql-connector-java\8.0.15\mysql-connector-java-8.0.15.jar;C:\Users\zyvictor\.m2\repository\com\baomidou\mybatis-plus\3.1.0\mybatis-plus-3.1.0.jar;C:\Users\zyvictor\.m2\repository\com\baomidou\mybatis-plus-extension\3.1.0\mybatis-plus-extension-3.1.0.jar;C:\Users\zyvictor\.m2\repository\com\baomidou\mybatis-plus-core\3.1.0\mybatis-plus-core-3.1.0.jar;C:\Users\zyvictor\.m2\repository\com\baomidou\mybatis-plus-annotation\3.1.0\mybatis-plus-annotation-3.1.0.jar;C:\Users\zyvictor\.m2\repository\org\mybatis\mybatis\3.5.0\mybatis-3.5.0.jar;C:\Users\zyvictor\.m2\repository\com\github\jsqlparser\jsqlparser\1.4\jsqlparser-1.4.jar;C:\Users\zyvictor\.m2\repository\org\mybatis\mybatis-spring\2.0.0\mybatis-spring-2.0.0.jar;C:\Users\zyvictor\.m2\repository\com\baomidou\mybatis-plus-boot-starter\3.1.0\mybatis-plus-boot-starter-3.1.0.jar;C:\Users\zyvictor\.m2\repository\org\springframework\boot\spring-boot-starter-jdbc\2.1.14.RELEASE\spring-boot-starter-jdbc-2.1.14.RELEASE.jar;C:\Users\zyvictor\.m2\repository\com\zaxxer\HikariCP\3.2.0\HikariCP-3.2.0.jar;C:\Users\zyvictor\.m2\repository\org\springframework\spring-jdbc\5.1.15.RELEASE\spring-jdbc-5.1.15.RELEASE.jar;C:\Users\zyvictor\.m2\repository\com\baomidou\mybatis-plus-generator\3.1.0\mybatis-plus-generator-3.1.0.jar;C:\Users\zyvictor\.m2\repository\org\apache\commons\commons-lang3\3.8.1\commons-lang3-3.8.1.jar;C:\Users\zyvictor\.m2\repository\io\jsonwebtoken\jjwt\0.9.1\jjwt-0.9.1.jar;C:\Users\zyvictor\.m2\repository\com\fasterxml\jackson\core\jackson-databind\2.9.10.4\jackson-databind-2.9.10.4.jar;C:\Users\zyvictor\.m2\repository\com\fasterxml\jackson\core\jackson-annotations\2.9.10\jackson-annotations-2.9.10.jar;C:\Users\zyvictor\.m2\repository\com\fasterxml\jackson\core\jackson-core\2.9.10\jackson-core-2.9.10.jar;C:\Users\zyvictor\.m2\repository\org\slf4j\slf4j-log4j12\1.7.7\slf4j-log4j12-1.7.7.jar;C:\Users\zyvictor\.m2\repository\log4j\log4j\1.2.17\log4j-1.2.17.jar;C:\Users\zyvictor\.m2\repository\cn\hutool\hutool-all\4.6.5\hutool-all-4.6.5.jar;C:\Users\zyvictor\.m2\repository\com\tencentcloudapi\tencentcloud-sdk-java\3.1.26\tencentcloud-sdk-java-3.1.26.jar;C:\Users\zyvictor\.m2\repository\com\squareup\okhttp\okhttp\2.5.0\okhttp-2.5.0.jar;C:\Users\zyvictor\.m2\repository\com\squareup\okio\okio\1.6.0\okio-1.6.0.jar;C:\Users\zyvictor\.m2\repository\com\google\code\gson\gson\2.8.6\gson-2.8.6.jar;C:\Users\zyvictor\.m2\repository\javax\xml\bind\jaxb-api\2.3.1\jaxb-api-2.3.1.jar;C:\Users\zyvictor\.m2\repository\javax\activation\javax.activation-api\1.2.0\javax.activation-api-1.2.0.jar;C:\Users\zyvictor\.m2\repository\com\googlecode\protobuf-java-format\protobuf-java-format\1.2\protobuf-java-format-1.2.jar;C:\Users\zyvictor\.m2\repository\org\springframework\boot\spring-boot-starter-validation\2.1.14.RELEASE\spring-boot-starter-validation-2.1.14.RELEASE.jar;C:\Users\zyvictor\.m2\repository\org\apache\tomcat\embed\tomcat-embed-el\9.0.34\tomcat-embed-el-9.0.34.jar;C:\Users\zyvictor\.m2\repository\org\hibernate\validator\hibernate-validator\6.0.19.Final\hibernate-validator-6.0.19.Final.jar;C:\Users\zyvictor\.m2\repository\javax\validation\validation-api\2.0.1.Final\validation-api-2.0.1.Final.jar;C:\Users\zyvictor\.m2\repository\org\jboss\logging\jboss-logging\3.3.3.Final\jboss-logging-3.3.3.Final.jar;C:\Users\zyvictor\.m2\repository\com\fasterxml\classmate\1.4.0\classmate-1.4.0.jar;"/>
    <property name="sun.cpu.endian" value="little"/>
    <property name="user.home" value="C:\Users\zyvictor"/>
    <property name="user.language" value="zh"/>
    <property name="java.specification.vendor" value="Oracle Corporation"/>
    <property name="java.home" value="C:\Program Files\Java\jdk1.8.0_201\jre"/>
    <property name="basedir" value="E:\idea code\easy4IM\im-common"/>
    <property name="file.separator" value="\"/>
    <property name="line.separator" value="&#10;"/>
    <property name="java.vm.specification.vendor" value="Oracle Corporation"/>
    <property name="java.specification.name" value="Java Platform API Specification"/>
    <property name="java.awt.graphicsenv" value="sun.awt.Win32GraphicsEnvironment"/>
    <property name="surefire.real.class.path" value="C:\Users\zyvictor\AppData\Local\Temp\surefire2327749894232010356\surefirebooter8401800216329556919.jar"/>
    <property name="sun.boot.class.path" value="C:\Program Files\Java\jdk1.8.0_201\jre\lib\resources.jar;C:\Program Files\Java\jdk1.8.0_201\jre\lib\rt.jar;C:\Program Files\Java\jdk1.8.0_201\jre\lib\sunrsasign.jar;C:\Program Files\Java\jdk1.8.0_201\jre\lib\jsse.jar;C:\Program Files\Java\jdk1.8.0_201\jre\lib\jce.jar;C:\Program Files\Java\jdk1.8.0_201\jre\lib\charsets.jar;C:\Program Files\Java\jdk1.8.0_201\jre\lib\jfr.jar;C:\Program Files\Java\jdk1.8.0_201\jre\classes"/>
    <property name="user.script" value=""/>
    <property name="sun.management.compiler" value="HotSpot 64-Bit Tiered Compilers"/>
    <property name="java.runtime.version" value="1.8.0_201-b09"/>
    <property name="user.name" value="zyvictor"/>
    <property name="path.separator" value=";"/>
    <property name="os.version" value="10.0"/>
    <property name="java.endorsed.dirs" value="C:\Program Files\Java\jdk1.8.0_201\jre\lib\endorsed"/>
    <property name="java.runtime.name" value="Java(TM) SE Runtime Environment"/>
    <property name="file.encoding" value="GBK"/>
    <property name="java.vm.name" value="Java HotSpot(TM) 64-Bit Server VM"/>
    <property name="idea.version2020.1" value="true"/>
    <property name="localRepository" value="C:\Users\zyvictor\.m2\repository"/>
    <property name="java.vendor.url.bug" value="http://bugreport.sun.com/bugreport/"/>
    <property name="java.io.tmpdir" value="C:\Users\zyvictor\AppData\Local\Temp\"/>
    <property name="java.version" value="1.8.0_201"/>
    <property name="user.dir" value="E:\idea code\easy4IM\im-common"/>
    <property name="os.arch" value="amd64"/>
    <property name="java.vm.specification.name" value="Java Virtual Machine Specification"/>
    <property name="java.awt.printerjob" value="sun.awt.windows.WPrinterJob"/>
    <property name="sun.os.patch.level" value=""/>
    <property name="java.library.path" value="C:\Program Files\Java\jdk1.8.0_201\jre\bin;C:\Windows\Sun\Java\bin;C:\Windows\system32;C:\Windows;E:\Xshell\;E:\app\zyvictor\virtual\product\12.2.0\dbhome_1\bin;&quot;C:\Users\zyvictor\AppData\Roaming\Microsoft\Windows\Start Menu\Programs\Python 3.7;C:\Program Files\Java\jdk1.8.0_201;%JRE_HOME%;E:\apache-tomcat-9.0.14\bin&quot;;C:\Program Files\NVIDIA Corporation\NVIDIA NvDLISR;c:\windows\system32;E:\Apache\maven\bin\;E:\MySQL\mysql-5.7.25-winx64\bin;E:\nodejs\;E:\nodejs\node_global;C:\Windows\system32;C:\Windows;C:\Windows\System32\Wbem;C:\Windows\System32\WindowsPowerShell\v1.0\;C:\Windows\System32\OpenSSH\;C:\Program Files (x86)\Microsoft SQL Server\100\Tools\Binn\;C:\Program Files\Microsoft SQL Server\100\Tools\Binn\;C:\Program Files\Microsoft SQL Server\100\DTS\Binn\;C:\Program Files (x86)\Microsoft SQL Server\100\Tools\Binn\VSShell\Common7\IDE\;C:\Program Files (x86)\Microsoft Visual Studio 9.0\Common7\IDE\PrivateAssemblies\;C:\Program Files (x86)\Microsoft SQL Server\100\DTS\Binn\;E:\HBuilderX\plugins\launcher\tools\adbs;C:\Program Files\Git\cmd;C:\Program Files\Git\mingw64\bin;C:\Program Files\Git\usr\bin;C:\Go\bin;C:\Users\zyvictor\AppData\Local\Programs\Python\Python37\Scripts\;C:\Users\zyvictor\AppData\Local\Programs\Python\Python37\;C:\Users\zyvictor\AppData\Local\Microsoft\WindowsApps;C:\Program Files\Java\jdk1.8.0_201\bin;E:\MySQL\mysql-5.6.42-winx64\bin;C:\Users\zyvictor\AppData\Roaming\npm;C:\Users\Administrator\AppData\Local\atom\app-1.22.1\resources\app\apm\bin;C:\Users\zyvictor\AppData\Local\Microsoft\WindowsApps;C:\Users\zyvictor\AppData\Local\GitHubDesktop\bin;F:\软件\Bandizip\;E:\Microsoft VS Code\bin;C:\Users\zyvictor\go\bin;C:\Program Files\JetBrains\GoLand 2019.2.3\bin;;."/>
    <property name="java.vm.info" value="mixed mode"/>
    <property name="java.vendor" value="Oracle Corporation"/>
    <property name="java.vm.version" value="25.201-b09"/>
    <property name="java.ext.dirs" value="C:\Program Files\Java\jdk1.8.0_201\jre\lib\ext;C:\Windows\Sun\Java\lib\ext"/>
    <property name="sun.io.unicode.encoding" value="UnicodeLittle"/>
    <property name="java.class.version" value="52.0"/>
  </properties>
</testsuite>