<?xml version="1.0" encoding="UTF-8"?>
<testsuite xmlns:xsi="http://www.w3.org/2001/XMLSchema-instance" xsi:noNamespaceSchemaLocation="https://maven.apache.org/surefire/maven-surefire-plugin/xsd/surefire-test-report.xsd" name="pers.enoch.common.CodeTest" time="0.003" tests="0" errors="0" skipped="0" failures="0">
  <properties>
    <property name="gopherProxySet" value="false"/>
    <property name="awt.toolkit" value="sun.lwawt.macosx.LWCToolkit"/>
    <property name="file.encoding.pkg" value="sun.io"/>
    <property name="java.specification.version" value="1.8"/>
    <property name="sun.cpu.isalist" value=""/>
    <property name="sun.jnu.encoding" value="UTF-8"/>
    <property name="java.class.path" value="/Users/xmly/Desktop/workspace/easy4IM/im-common/target/test-classes:/Users/xmly/Desktop/workspace/easy4IM/im-common/target/classes:/Users/xmly/.m2/repository/org/springframework/boot/spring-boot-configuration-processor/2.1.14.RELEASE/spring-boot-configuration-processor-2.1.14.RELEASE.jar:/Users/xmly/.m2/repository/com/baomidou/mybatis-plus-boot-starter/3.1.0/mybatis-plus-boot-starter-3.1.0.jar:/Users/xmly/.m2/repository/com/baomidou/mybatis-plus/3.1.0/mybatis-plus-3.1.0.jar:/Users/xmly/.m2/repository/com/baomidou/mybatis-plus-extension/3.1.0/mybatis-plus-extension-3.1.0.jar:/Users/xmly/.m2/repository/com/baomidou/mybatis-plus-core/3.1.0/mybatis-plus-core-3.1.0.jar:/Users/xmly/.m2/repository/com/baomidou/mybatis-plus-annotation/3.1.0/mybatis-plus-annotation-3.1.0.jar:/Users/xmly/.m2/repository/org/mybatis/mybatis/3.5.0/mybatis-3.5.0.jar:/Users/xmly/.m2/repository/com/github/jsqlparser/jsqlparser/1.4/jsqlparser-1.4.jar:/Users/xmly/.m2/repository/org/mybatis/mybatis-spring/2.0.0/mybatis-spring-2.0.0.jar:/Users/xmly/.m2/repository/org/springframework/boot/spring-boot-autoconfigure/2.1.14.RELEASE/spring-boot-autoconfigure-2.1.14.RELEASE.jar:/Users/xmly/.m2/repository/org/springframework/boot/spring-boot/2.1.14.RELEASE/spring-boot-2.1.14.RELEASE.jar:/Users/xmly/.m2/repository/org/springframework/boot/spring-boot-starter-jdbc/2.1.14.RELEASE/spring-boot-starter-jdbc-2.1.14.RELEASE.jar:/Users/xmly/.m2/repository/com/zaxxer/HikariCP/3.2.0/HikariCP-3.2.0.jar:/Users/xmly/.m2/repository/org/springframework/spring-jdbc/5.1.15.RELEASE/spring-jdbc-5.1.15.RELEASE.jar:/Users/xmly/.m2/repository/com/google/protobuf/protobuf-java/3.8.0/protobuf-java-3.8.0.jar:/Users/xmly/.m2/repository/org/projectlombok/lombok/1.18.16/lombok-1.18.16.jar:/Users/xmly/.m2/repository/org/springframework/boot/spring-boot-starter-data-redis/2.1.14.RELEASE/spring-boot-starter-data-redis-2.1.14.RELEASE.jar:/Users/xmly/.m2/repository/org/springframework/boot/spring-boot-starter/2.1.14.RELEASE/spring-boot-starter-2.1.14.RELEASE.jar:/Users/xmly/.m2/repository/org/springframework/boot/spring-boot-starter-logging/2.1.14.RELEASE/spring-boot-starter-logging-2.1.14.RELEASE.jar:/Users/xmly/.m2/repository/ch/qos/logback/logback-classic/1.2.3/logback-classic-1.2.3.jar:/Users/xmly/.m2/repository/ch/qos/logback/logback-core/1.2.3/logback-core-1.2.3.jar:/Users/xmly/.m2/repository/org/apache/logging/log4j/log4j-to-slf4j/2.11.2/log4j-to-slf4j-2.11.2.jar:/Users/xmly/.m2/repository/org/apache/logging/log4j/log4j-api/2.11.2/log4j-api-2.11.2.jar:/Users/xmly/.m2/repository/org/slf4j/jul-to-slf4j/1.7.7/jul-to-slf4j-1.7.7.jar:/Users/xmly/.m2/repository/javax/annotation/javax.annotation-api/1.3.2/javax.annotation-api-1.3.2.jar:/Users/xmly/.m2/repository/org/springframework/spring-core/5.1.15.RELEASE/spring-core-5.1.15.RELEASE.jar:/Users/xmly/.m2/repository/org/springframework/spring-jcl/5.1.15.RELEASE/spring-jcl-5.1.15.RELEASE.jar:/Users/xmly/.m2/repository/org/yaml/snakeyaml/1.23/snakeyaml-1.23.jar:/Users/xmly/.m2/repository/org/springframework/data/spring-data-redis/2.1.17.RELEASE/spring-data-redis-2.1.17.RELEASE.jar:/Users/xmly/.m2/repository/org/springframework/data/spring-data-keyvalue/2.1.17.RELEASE/spring-data-keyvalue-2.1.17.RELEASE.jar:/Users/xmly/.m2/repository/org/springframework/data/spring-data-commons/2.1.17.RELEASE/spring-data-commons-2.1.17.RELEASE.jar:/Users/xmly/.m2/repository/org/springframework/spring-tx/5.1.15.RELEASE/spring-tx-5.1.15.RELEASE.jar:/Users/xmly/.m2/repository/org/springframework/spring-oxm/5.1.15.RELEASE/spring-oxm-5.1.15.RELEASE.jar:/Users/xmly/.m2/repository/org/springframework/spring-aop/5.1.15.RELEASE/spring-aop-5.1.15.RELEASE.jar:/Users/xmly/.m2/repository/io/lettuce/lettuce-core/5.1.8.RELEASE/lettuce-core-5.1.8.RELEASE.jar:/Users/xmly/.m2/repository/io/netty/netty-common/4.1.42.Final/netty-common-4.1.42.Final.jar:/Users/xmly/.m2/repository/io/netty/netty-handler/4.1.42.Final/netty-handler-4.1.42.Final.jar:/Users/xmly/.m2/repository/io/netty/netty-buffer/4.1.42.Final/netty-buffer-4.1.42.Final.jar:/Users/xmly/.m2/repository/io/netty/netty-codec/4.1.42.Final/netty-codec-4.1.42.Final.jar:/Users/xmly/.m2/repository/io/netty/netty-transport/4.1.42.Final/netty-transport-4.1.42.Final.jar:/Users/xmly/.m2/repository/io/netty/netty-resolver/4.1.42.Final/netty-resolver-4.1.42.Final.jar:/Users/xmly/.m2/repository/io/projectreactor/reactor-core/3.2.17.RELEASE/reactor-core-3.2.17.RELEASE.jar:/Users/xmly/.m2/repository/org/reactivestreams/reactive-streams/1.0.3/reactive-streams-1.0.3.jar:/Users/xmly/.m2/repository/org/springframework/boot/spring-boot-starter-mail/2.1.14.RELEASE/spring-boot-starter-mail-2.1.14.RELEASE.jar:/Users/xmly/.m2/repository/org/springframework/spring-context-support/5.1.15.RELEASE/spring-context-support-5.1.15.RELEASE.jar:/Users/xmly/.m2/repository/org/springframework/spring-beans/5.1.15.RELEASE/spring-beans-5.1.15.RELEASE.jar:/Users/xmly/.m2/repository/org/springframework/spring-context/5.1.15.RELEASE/spring-context-5.1.15.RELEASE.jar:/Users/xmly/.m2/repository/com/sun/mail/javax.mail/1.6.2/javax.mail-1.6.2.jar:/Users/xmly/.m2/repository/javax/activation/activation/1.1/activation-1.1.jar:/Users/xmly/.m2/repository/org/springframework/boot/spring-boot-starter-web/2.1.14.RELEASE/spring-boot-starter-web-2.1.14.RELEASE.jar:/Users/xmly/.m2/repository/org/springframework/boot/spring-boot-starter-json/2.1.14.RELEASE/spring-boot-starter-json-2.1.14.RELEASE.jar:/Users/xmly/.m2/repository/com/fasterxml/jackson/datatype/jackson-datatype-jdk8/2.9.10/jackson-datatype-jdk8-2.9.10.jar:/Users/xmly/.m2/repository/com/fasterxml/jackson/datatype/jackson-datatype-jsr310/2.9.10/jackson-datatype-jsr310-2.9.10.jar:/Users/xmly/.m2/repository/com/fasterxml/jackson/module/jackson-module-parameter-names/2.9.10/jackson-module-parameter-names-2.9.10.jar:/Users/xmly/.m2/repository/org/springframework/boot/spring-boot-starter-tomcat/2.1.14.RELEASE/spring-boot-starter-tomcat-2.1.14.RELEASE.jar:/Users/xmly/.m2/repository/org/apache/tomcat/embed/tomcat-embed-core/9.0.34/tomcat-embed-core-9.0.34.jar:/Users/xmly/.m2/repository/org/apache/tomcat/embed/tomcat-embed-websocket/9.0.34/tomcat-embed-websocket-9.0.34.jar:/Users/xmly/.m2/repository/org/hibernate/validator/hibernate-validator/6.0.19.Final/hibernate-validator-6.0.19.Final.jar:/Users/xmly/.m2/repository/javax/validation/validation-api/2.0.1.Final/validation-api-2.0.1.Final.jar:/Users/xmly/.m2/repository/org/jboss/logging/jboss-logging/3.3.3.Final/jboss-logging-3.3.3.Final.jar:/Users/xmly/.m2/repository/com/fasterxml/classmate/1.4.0/classmate-1.4.0.jar:/Users/xmly/.m2/repository/org/springframework/spring-web/5.1.15.RELEASE/spring-web-5.1.15.RELEASE.jar:/Users/xmly/.m2/repository/org/springframework/spring-webmvc/5.1.15.RELEASE/spring-webmvc-5.1.15.RELEASE.jar:/Users/xmly/.m2/repository/org/springframework/spring-expression/5.1.15.RELEASE/spring-expression-5.1.15.RELEASE.jar:/Users/xmly/.m2/repository/com/alibaba/fastjson/1.2.31/fastjson-1.2.31.jar:/Users/xmly/.m2/repository/com/alibaba/druid-spring-boot-starter/1.1.18/druid-spring-boot-starter-1.1.18.jar:/Users/xmly/.m2/repository/com/alibaba/druid/1.1.18/druid-1.1.18.jar:/Users/xmly/.m2/repository/org/slf4j/slf4j-api/1.7.7/slf4j-api-1.7.7.jar:/Users/xmly/.m2/repository/mysql/mysql-connector-java/8.0.15/mysql-connector-java-8.0.15.jar:/Users/xmly/.m2/repository/org/apache/commons/commons-lang3/3.8.1/commons-lang3-3.8.1.jar:/Users/xmly/.m2/repository/io/jsonwebtoken/jjwt/0.9.1/jjwt-0.9.1.jar:/Users/xmly/.m2/repository/com/fasterxml/jackson/core/jackson-databind/2.9.10.4/jackson-databind-2.9.10.4.jar:/Users/xmly/.m2/repository/com/fasterxml/jackson/core/jackson-annotations/2.9.10/jackson-annotations-2.9.10.jar:/Users/xmly/.m2/repository/com/fasterxml/jackson/core/jackson-core/2.9.10/jackson-core-2.9.10.jar:/Users/xmly/.m2/repository/cn/hutool/hutool-all/4.6.5/hutool-all-4.6.5.jar:/Users/xmly/.m2/repository/com/googlecode/protobuf-java-format/protobuf-java-format/1.2/protobuf-java-format-1.2.jar:/Users/xmly/.m2/repository/org/springframework/boot/spring-boot-starter-validation/2.1.14.RELEASE/spring-boot-starter-validation-2.1.14.RELEASE.jar:/Users/xmly/.m2/repository/org/apache/tomcat/embed/tomcat-embed-el/9.0.34/tomcat-embed-el-9.0.34.jar:/Users/xmly/.m2/repository/com/google/guava/guava/19.0/guava-19.0.jar:/Users/xmly/.m2/repository/com/qcloud/cos_api/5.6.24/cos_api-5.6.24.jar:/Users/xmly/.m2/repository/org/apache/httpcomponents/httpclient/4.5.12/httpclient-4.5.12.jar:/Users/xmly/.m2/repository/org/apache/httpcomponents/httpcore/4.4.13/httpcore-4.4.13.jar:/Users/xmly/.m2/repository/commons-codec/commons-codec/1.11/commons-codec-1.11.jar:/Users/xmly/.m2/repository/joda-time/joda-time/2.10.6/joda-time-2.10.6.jar:/Users/xmly/.m2/repository/org/bouncycastle/bcprov-jdk15on/1.64/bcprov-jdk15on-1.64.jar:"/>
    <property name="java.vm.vendor" value="Oracle Corporation"/>
    <property name="sun.arch.data.model" value="64"/>
    <property name="java.vendor.url" value="http://java.oracle.com/"/>
    <property name="user.timezone" value=""/>
    <property name="java.vm.specification.version" value="1.8"/>
    <property name="os.name" value="Mac OS X"/>
    <property name="user.country" value="TW"/>
    <property name="sun.java.launcher" value="SUN_STANDARD"/>
    <property name="sun.boot.library.path" value="/Library/Java/JavaVirtualMachines/jdk1.8.0_261.jdk/Contents/Home/jre/lib"/>
    <property name="sun.java.command" value="/Users/xmly/Desktop/workspace/easy4IM/im-common/target/surefire/surefirebooter6260889929596864418.jar /Users/xmly/Desktop/workspace/easy4IM/im-common/target/surefire 2021-01-25T11-24-51_553-jvmRun1 surefire7291634711377731205tmp surefire_06217645328317067652tmp"/>
    <property name="http.nonProxyHosts" value="local|*.local|169.254/16|*.169.254/16"/>
    <property name="surefire.test.class.path" value="/Users/xmly/Desktop/workspace/easy4IM/im-common/target/test-classes:/Users/xmly/Desktop/workspace/easy4IM/im-common/target/classes:/Users/xmly/.m2/repository/org/springframework/boot/spring-boot-configuration-processor/2.1.14.RELEASE/spring-boot-configuration-processor-2.1.14.RELEASE.jar:/Users/xmly/.m2/repository/com/baomidou/mybatis-plus-boot-starter/3.1.0/mybatis-plus-boot-starter-3.1.0.jar:/Users/xmly/.m2/repository/com/baomidou/mybatis-plus/3.1.0/mybatis-plus-3.1.0.jar:/Users/xmly/.m2/repository/com/baomidou/mybatis-plus-extension/3.1.0/mybatis-plus-extension-3.1.0.jar:/Users/xmly/.m2/repository/com/baomidou/mybatis-plus-core/3.1.0/mybatis-plus-core-3.1.0.jar:/Users/xmly/.m2/repository/com/baomidou/mybatis-plus-annotation/3.1.0/mybatis-plus-annotation-3.1.0.jar:/Users/xmly/.m2/repository/org/mybatis/mybatis/3.5.0/mybatis-3.5.0.jar:/Users/xmly/.m2/repository/com/github/jsqlparser/jsqlparser/1.4/jsqlparser-1.4.jar:/Users/xmly/.m2/repository/org/mybatis/mybatis-spring/2.0.0/mybatis-spring-2.0.0.jar:/Users/xmly/.m2/repository/org/springframework/boot/spring-boot-autoconfigure/2.1.14.RELEASE/spring-boot-autoconfigure-2.1.14.RELEASE.jar:/Users/xmly/.m2/repository/org/springframework/boot/spring-boot/2.1.14.RELEASE/spring-boot-2.1.14.RELEASE.jar:/Users/xmly/.m2/repository/org/springframework/boot/spring-boot-starter-jdbc/2.1.14.RELEASE/spring-boot-starter-jdbc-2.1.14.RELEASE.jar:/Users/xmly/.m2/repository/com/zaxxer/HikariCP/3.2.0/HikariCP-3.2.0.jar:/Users/xmly/.m2/repository/org/springframework/spring-jdbc/5.1.15.RELEASE/spring-jdbc-5.1.15.RELEASE.jar:/Users/xmly/.m2/repository/com/google/protobuf/protobuf-java/3.8.0/protobuf-java-3.8.0.jar:/Users/xmly/.m2/repository/org/projectlombok/lombok/1.18.16/lombok-1.18.16.jar:/Users/xmly/.m2/repository/org/springframework/boot/spring-boot-starter-data-redis/2.1.14.RELEASE/spring-boot-starter-data-redis-2.1.14.RELEASE.jar:/Users/xmly/.m2/repository/org/springframework/boot/spring-boot-starter/2.1.14.RELEASE/spring-boot-starter-2.1.14.RELEASE.jar:/Users/xmly/.m2/repository/org/springframework/boot/spring-boot-starter-logging/2.1.14.RELEASE/spring-boot-starter-logging-2.1.14.RELEASE.jar:/Users/xmly/.m2/repository/ch/qos/logback/logback-classic/1.2.3/logback-classic-1.2.3.jar:/Users/xmly/.m2/repository/ch/qos/logback/logback-core/1.2.3/logback-core-1.2.3.jar:/Users/xmly/.m2/repository/org/apache/logging/log4j/log4j-to-slf4j/2.11.2/log4j-to-slf4j-2.11.2.jar:/Users/xmly/.m2/repository/org/apache/logging/log4j/log4j-api/2.11.2/log4j-api-2.11.2.jar:/Users/xmly/.m2/repository/org/slf4j/jul-to-slf4j/1.7.7/jul-to-slf4j-1.7.7.jar:/Users/xmly/.m2/repository/javax/annotation/javax.annotation-api/1.3.2/javax.annotation-api-1.3.2.jar:/Users/xmly/.m2/repository/org/springframework/spring-core/5.1.15.RELEASE/spring-core-5.1.15.RELEASE.jar:/Users/xmly/.m2/repository/org/springframework/spring-jcl/5.1.15.RELEASE/spring-jcl-5.1.15.RELEASE.jar:/Users/xmly/.m2/repository/org/yaml/snakeyaml/1.23/snakeyaml-1.23.jar:/Users/xmly/.m2/repository/org/springframework/data/spring-data-redis/2.1.17.RELEASE/spring-data-redis-2.1.17.RELEASE.jar:/Users/xmly/.m2/repository/org/springframework/data/spring-data-keyvalue/2.1.17.RELEASE/spring-data-keyvalue-2.1.17.RELEASE.jar:/Users/xmly/.m2/repository/org/springframework/data/spring-data-commons/2.1.17.RELEASE/spring-data-commons-2.1.17.RELEASE.jar:/Users/xmly/.m2/repository/org/springframework/spring-tx/5.1.15.RELEASE/spring-tx-5.1.15.RELEASE.jar:/Users/xmly/.m2/repository/org/springframework/spring-oxm/5.1.15.RELEASE/spring-oxm-5.1.15.RELEASE.jar:/Users/xmly/.m2/repository/org/springframework/spring-aop/5.1.15.RELEASE/spring-aop-5.1.15.RELEASE.jar:/Users/xmly/.m2/repository/io/lettuce/lettuce-core/5.1.8.RELEASE/lettuce-core-5.1.8.RELEASE.jar:/Users/xmly/.m2/repository/io/netty/netty-common/4.1.42.Final/netty-common-4.1.42.Final.jar:/Users/xmly/.m2/repository/io/netty/netty-handler/4.1.42.Final/netty-handler-4.1.42.Final.jar:/Users/xmly/.m2/repository/io/netty/netty-buffer/4.1.42.Final/netty-buffer-4.1.42.Final.jar:/Users/xmly/.m2/repository/io/netty/netty-codec/4.1.42.Final/netty-codec-4.1.42.Final.jar:/Users/xmly/.m2/repository/io/netty/netty-transport/4.1.42.Final/netty-transport-4.1.42.Final.jar:/Users/xmly/.m2/repository/io/netty/netty-resolver/4.1.42.Final/netty-resolver-4.1.42.Final.jar:/Users/xmly/.m2/repository/io/projectreactor/reactor-core/3.2.17.RELEASE/reactor-core-3.2.17.RELEASE.jar:/Users/xmly/.m2/repository/org/reactivestreams/reactive-streams/1.0.3/reactive-streams-1.0.3.jar:/Users/xmly/.m2/repository/org/springframework/boot/spring-boot-starter-mail/2.1.14.RELEASE/spring-boot-starter-mail-2.1.14.RELEASE.jar:/Users/xmly/.m2/repository/org/springframework/spring-context-support/5.1.15.RELEASE/spring-context-support-5.1.15.RELEASE.jar:/Users/xmly/.m2/repository/org/springframework/spring-beans/5.1.15.RELEASE/spring-beans-5.1.15.RELEASE.jar:/Users/xmly/.m2/repository/org/springframework/spring-context/5.1.15.RELEASE/spring-context-5.1.15.RELEASE.jar:/Users/xmly/.m2/repository/com/sun/mail/javax.mail/1.6.2/javax.mail-1.6.2.jar:/Users/xmly/.m2/repository/javax/activation/activation/1.1/activation-1.1.jar:/Users/xmly/.m2/repository/org/springframework/boot/spring-boot-starter-web/2.1.14.RELEASE/spring-boot-starter-web-2.1.14.RELEASE.jar:/Users/xmly/.m2/repository/org/springframework/boot/spring-boot-starter-json/2.1.14.RELEASE/spring-boot-starter-json-2.1.14.RELEASE.jar:/Users/xmly/.m2/repository/com/fasterxml/jackson/datatype/jackson-datatype-jdk8/2.9.10/jackson-datatype-jdk8-2.9.10.jar:/Users/xmly/.m2/repository/com/fasterxml/jackson/datatype/jackson-datatype-jsr310/2.9.10/jackson-datatype-jsr310-2.9.10.jar:/Users/xmly/.m2/repository/com/fasterxml/jackson/module/jackson-module-parameter-names/2.9.10/jackson-module-parameter-names-2.9.10.jar:/Users/xmly/.m2/repository/org/springframework/boot/spring-boot-starter-tomcat/2.1.14.RELEASE/spring-boot-starter-tomcat-2.1.14.RELEASE.jar:/Users/xmly/.m2/repository/org/apache/tomcat/embed/tomcat-embed-core/9.0.34/tomcat-embed-core-9.0.34.jar:/Users/xmly/.m2/repository/org/apache/tomcat/embed/tomcat-embed-websocket/9.0.34/tomcat-embed-websocket-9.0.34.jar:/Users/xmly/.m2/repository/org/hibernate/validator/hibernate-validator/6.0.19.Final/hibernate-validator-6.0.19.Final.jar:/Users/xmly/.m2/repository/javax/validation/validation-api/2.0.1.Final/validation-api-2.0.1.Final.jar:/Users/xmly/.m2/repository/org/jboss/logging/jboss-logging/3.3.3.Final/jboss-logging-3.3.3.Final.jar:/Users/xmly/.m2/repository/com/fasterxml/classmate/1.4.0/classmate-1.4.0.jar:/Users/xmly/.m2/repository/org/springframework/spring-web/5.1.15.RELEASE/spring-web-5.1.15.RELEASE.jar:/Users/xmly/.m2/repository/org/springframework/spring-webmvc/5.1.15.RELEASE/spring-webmvc-5.1.15.RELEASE.jar:/Users/xmly/.m2/repository/org/springframework/spring-expression/5.1.15.RELEASE/spring-expression-5.1.15.RELEASE.jar:/Users/xmly/.m2/repository/com/alibaba/fastjson/1.2.31/fastjson-1.2.31.jar:/Users/xmly/.m2/repository/com/alibaba/druid-spring-boot-starter/1.1.18/druid-spring-boot-starter-1.1.18.jar:/Users/xmly/.m2/repository/com/alibaba/druid/1.1.18/druid-1.1.18.jar:/Users/xmly/.m2/repository/org/slf4j/slf4j-api/1.7.7/slf4j-api-1.7.7.jar:/Users/xmly/.m2/repository/mysql/mysql-connector-java/8.0.15/mysql-connector-java-8.0.15.jar:/Users/xmly/.m2/repository/org/apache/commons/commons-lang3/3.8.1/commons-lang3-3.8.1.jar:/Users/xmly/.m2/repository/io/jsonwebtoken/jjwt/0.9.1/jjwt-0.9.1.jar:/Users/xmly/.m2/repository/com/fasterxml/jackson/core/jackson-databind/2.9.10.4/jackson-databind-2.9.10.4.jar:/Users/xmly/.m2/repository/com/fasterxml/jackson/core/jackson-annotations/2.9.10/jackson-annotations-2.9.10.jar:/Users/xmly/.m2/repository/com/fasterxml/jackson/core/jackson-core/2.9.10/jackson-core-2.9.10.jar:/Users/xmly/.m2/repository/cn/hutool/hutool-all/4.6.5/hutool-all-4.6.5.jar:/Users/xmly/.m2/repository/com/googlecode/protobuf-java-format/protobuf-java-format/1.2/protobuf-java-format-1.2.jar:/Users/xmly/.m2/repository/org/springframework/boot/spring-boot-starter-validation/2.1.14.RELEASE/spring-boot-starter-validation-2.1.14.RELEASE.jar:/Users/xmly/.m2/repository/org/apache/tomcat/embed/tomcat-embed-el/9.0.34/tomcat-embed-el-9.0.34.jar:/Users/xmly/.m2/repository/com/google/guava/guava/19.0/guava-19.0.jar:/Users/xmly/.m2/repository/com/qcloud/cos_api/5.6.24/cos_api-5.6.24.jar:/Users/xmly/.m2/repository/org/apache/httpcomponents/httpclient/4.5.12/httpclient-4.5.12.jar:/Users/xmly/.m2/repository/org/apache/httpcomponents/httpcore/4.4.13/httpcore-4.4.13.jar:/Users/xmly/.m2/repository/commons-codec/commons-codec/1.11/commons-codec-1.11.jar:/Users/xmly/.m2/repository/joda-time/joda-time/2.10.6/joda-time-2.10.6.jar:/Users/xmly/.m2/repository/org/bouncycastle/bcprov-jdk15on/1.64/bcprov-jdk15on-1.64.jar:"/>
    <property name="sun.cpu.endian" value="little"/>
    <property name="user.home" value="/Users/xmly"/>
    <property name="user.language" value="zh"/>
    <property name="java.specification.vendor" value="Oracle Corporation"/>
    <property name="java.home" value="/Library/Java/JavaVirtualMachines/jdk1.8.0_261.jdk/Contents/Home/jre"/>
    <property name="basedir" value="/Users/xmly/Desktop/workspace/easy4IM/im-common"/>
    <property name="file.separator" value="/"/>
    <property name="line.separator" value="&#10;"/>
    <property name="java.vm.specification.vendor" value="Oracle Corporation"/>
    <property name="java.specification.name" value="Java Platform API Specification"/>
    <property name="java.awt.graphicsenv" value="sun.awt.CGraphicsEnvironment"/>
    <property name="idea.version2020.1.2" value="true"/>
    <property name="surefire.real.class.path" value="/Users/xmly/Desktop/workspace/easy4IM/im-common/target/surefire/surefirebooter6260889929596864418.jar"/>
    <property name="sun.boot.class.path" value="/Library/Java/JavaVirtualMachines/jdk1.8.0_261.jdk/Contents/Home/jre/lib/resources.jar:/Library/Java/JavaVirtualMachines/jdk1.8.0_261.jdk/Contents/Home/jre/lib/rt.jar:/Library/Java/JavaVirtualMachines/jdk1.8.0_261.jdk/Contents/Home/jre/lib/sunrsasign.jar:/Library/Java/JavaVirtualMachines/jdk1.8.0_261.jdk/Contents/Home/jre/lib/jsse.jar:/Library/Java/JavaVirtualMachines/jdk1.8.0_261.jdk/Contents/Home/jre/lib/jce.jar:/Library/Java/JavaVirtualMachines/jdk1.8.0_261.jdk/Contents/Home/jre/lib/charsets.jar:/Library/Java/JavaVirtualMachines/jdk1.8.0_261.jdk/Contents/Home/jre/lib/jfr.jar:/Library/Java/JavaVirtualMachines/jdk1.8.0_261.jdk/Contents/Home/jre/classes"/>
    <property name="sun.management.compiler" value="HotSpot 64-Bit Tiered Compilers"/>
    <property name="ftp.nonProxyHosts" value="local|*.local|169.254/16|*.169.254/16"/>
    <property name="java.runtime.version" value="1.8.0_261-b12"/>
    <property name="user.name" value="xmly"/>
    <property name="path.separator" value=":"/>
    <property name="os.version" value="10.15.5"/>
    <property name="java.endorsed.dirs" value="/Library/Java/JavaVirtualMachines/jdk1.8.0_261.jdk/Contents/Home/jre/lib/endorsed"/>
    <property name="java.runtime.name" value="Java(TM) SE Runtime Environment"/>
    <property name="file.encoding" value="UTF-8"/>
    <property name="java.vm.name" value="Java HotSpot(TM) 64-Bit Server VM"/>
    <property name="localRepository" value="/Users/xmly/.m2/repository"/>
    <property name="java.vendor.url.bug" value="http://bugreport.sun.com/bugreport/"/>
    <property name="java.io.tmpdir" value="/var/folders/80/p5wht9090399lvqv40gl08m80000gn/T/"/>
    <property name="java.version" value="1.8.0_261"/>
    <property name="user.dir" value="/Users/xmly/Desktop/workspace/easy4IM/im-common"/>
    <property name="os.arch" value="x86_64"/>
    <property name="java.vm.specification.name" value="Java Virtual Machine Specification"/>
    <property name="java.awt.printerjob" value="sun.lwawt.macosx.CPrinterJob"/>
    <property name="sun.os.patch.level" value="unknown"/>
    <property name="java.library.path" value="/Users/xmly/Library/Java/Extensions:/Library/Java/Extensions:/Network/Library/Java/Extensions:/System/Library/Java/Extensions:/usr/lib/java:."/>
    <property name="java.vm.info" value="mixed mode"/>
    <property name="java.vendor" value="Oracle Corporation"/>
    <property name="java.vm.version" value="25.261-b12"/>
    <property name="java.ext.dirs" value="/Users/xmly/Library/Java/Extensions:/Library/Java/JavaVirtualMachines/jdk1.8.0_261.jdk/Contents/Home/jre/lib/ext:/Library/Java/Extensions:/Network/Library/Java/Extensions:/System/Library/Java/Extensions:/usr/lib/java"/>
    <property name="sun.io.unicode.encoding" value="UnicodeBig"/>
    <property name="java.class.version" value="52.0"/>
    <property name="socksNonProxyHosts" value="local|*.local|169.254/16|*.169.254/16"/>
  </properties>
</testsuite>